<!DOCTYPE html PUBLIC "-//W3C//DTD XHTML 1.1//EN" "https://www.w3.org/TR/xhtml11/DTD/xhtml11.dtd">
<html xmlns="https://www.w3.org/1999/xhtml">
<head>
<meta charset='utf-8'>
<title>TestNG Report</title>
<style type="text/css">
table {margin-bottom:10px;border-collapse:collapse;empty-cells:show}
td,th {border:1px solid #009;padding:.25em .5em}
.result th {vertical-align:bottom}
.param th {padding-left:1em;padding-right:1em}
.param td {padding-left:.5em;padding-right:2em}
.stripe td,.stripe th {background-color: #E6EBF9}
.numi,.numi_attn {text-align:right}
.total td {font-weight:bold}
.passedodd td {background-color: #0A0}
.passedeven td {background-color: #3F3}
.skippedodd td {background-color: #CCC}
.skippedodd td {background-color: #DDD}
.failedodd td,.numi_attn {background-color: #F33}
.failedeven td,.stripe .numi_attn {background-color: #D00}
.stacktrace {white-space:pre;font-family:monospace}
.totop {font-size:85%;text-align:center;border-bottom:2px solid #000}
</style>
</head>
<body>
<table cellspacing="0" cellpadding="0" class="testOverview">
<tr><th>Test</th><th>Methods<br/>Passed</th><th>Scenarios<br/>Passed</th><th># skipped</th><th># failed</th><th>Total<br/>Time</th><th>Included<br/>Groups</th><th>Excluded<br/>Groups</th></tr>
<tr><td style="text-align:left;padding-right:2em"><a href="#t1">PamisAdminAPI_TEST</a></td><td class="numi">50</td><td class="numi">50</td><td class="numi">0</td><td class="numi_attn">5</td><td class="numi">234.1 seconds</td><td class="numi"></td><td class="numi"></td></tr>
</table>
<table cellspacing="0" cellpadding="0" class="methodOverview" id="summary">
<tr><th>Class</th><th>Method</th><th># of<br/>Scenarios</th><th>Start</th><th>Time<br/>(ms)</th></tr>
<tr id="t1"><th colspan="5">PamisAdminAPI_TEST &#8212; failed</th></tr>
<tr class="failedodd"><td>Test.PUT_WorkCenter_Test</td><td><a href="#m1"><b>PUT_Update_Assert_Test</b>  </a></td><td class="numi">1</td><td>1687173802179</td><td class="numi">649</td></tr>
<tr class="failedeven"><td>Test.POST_Client_Test</td><td><a href="#m2"><b>POST_Create_Success</b>  ("200 Success")</a></td><td class="numi">1</td><td>1687173791559</td><td class="numi">471</td></tr>
<tr class="failedodd"><td>Test.POST_Company_Test</td><td><a href="#m3"><b>POST_Create_Success</b>  ("200 Success")</a></td><td class="numi">1</td><td>1687173792412</td><td class="numi">435</td></tr>
<tr class="failedeven"><td>Test.POST_Region_Test</td><td><a href="#m4"><b>POST_Create_Success</b>  ("200 Success")</a></td><td class="numi">1</td><td>1687173794019</td><td class="numi">598</td></tr>
<tr class="failedodd"><td>Test.PUT_WorkCenter_Test</td><td><a href="#m5"><b>PUT_Update_Success</b>  ("200 Success")</a></td><td class="numi">1</td><td>1687173801635</td><td class="numi">541</td></tr>
<tr><th colspan="5">PamisAdminAPI_TEST &#8212; passed</th></tr>
<tr class="passedodd"><td>Test.POST_Country_Test</td><td><a href="#m6"><b>POST_Create_Not_Success</b>  ("400 Not Success (Empty Country Name)")</a></td><td class="numi">1</td><td>1687173793604</td><td class="numi">414</td></tr>
<tr class="passedeven"><td>Test.POST_WorkCenter_Test</td><td><a href="#m7"><b>POST_Create_Not_Success</b>  ("400 Not Success (Empty WorkCenter Name)")</a></td><td class="numi">1</td><td>1687173796238</td><td class="numi">428</td></tr>
<tr class="passedodd"><td>Test.PUT_Country_Test</td><td><a href="#m8"><b>PUT_Update_Success</b>  ("200 Success")</a></td><td class="numi">1</td><td>1687173798402</td><td class="numi">1010</td></tr>
<tr class="passedeven"><td>Test.GET_StatusCode_Test</td><td><a href="#m9"><b>Test_Client</b>  </a></td><td class="numi">1</td><td>1687173574377</td><td class="numi">471</td></tr>
<tr class="passedodd"><td>Test.DELETE_Region_Test</td><td><a href="#m10"><b>Delete_Update_Success</b>  ("200 Success")</a></td><td class="numi">1</td><td>1687173802831</td><td class="numi">438</td></tr>
<tr class="passedeven"><td>Test.PUT_Company_Test</td><td><a href="#m11"><b>PUT_Update_Assert_Test</b>  </a></td><td class="numi">1</td><td>1687173798026</td><td class="numi">376</td></tr>
<tr class="passedodd"><td>Test.GetById_StatusCode_Test</td><td><a href="#m12"><b>Test_WorkCenterByLocationType</b>  </a></td><td class="numi">1</td><td>1687173680016</td><td class="numi">8793</td></tr>
<tr class="passedeven"><td>Test.POST_Site_Test</td><td><a href="#m13"><b>POST_Create_Not_Success</b>  ("400 Not Success (Empty Site Name)")</a></td><td class="numi">1</td><td>1687173795415</td><td class="numi">396</td></tr>
<tr class="passedodd"><td rowspan="2">Test.GetByName_StatusCode_Test</td><td><a href="#m14"><b>Test_RegionsByName_Success</b>  </a></td><td class="numi">1</td><td>1687173751426</td><td class="numi">31621</td></tr><tr class="passedodd"><td><a href="#m15"><b>Test_SitesByName_Success</b>  </a></td><td class="numi">1</td><td>1687173783048</td><td class="numi">8510</td></tr>
<tr class="passedeven"><td>Test.GetById_StatusCode_Test</td><td><a href="#m16"><b>Test_CompanyById</b>  </a></td><td class="numi">1</td><td>1687173600552</td><td class="numi">23175</td></tr>
<tr class="passedodd"><td>Test.PUT_Company_Test</td><td><a href="#m17"><b>PUT_Update_Success</b>  ("200 Success")</a></td><td class="numi">1</td><td>1687173797640</td><td class="numi">385</td></tr>
<tr class="passedeven"><td>Test.PUT_Region_Test</td><td><a href="#m18"><b>PUT_Update_Assert_Test</b>  </a></td><td class="numi">1</td><td>1687173800136</td><td class="numi">479</td></tr>
<tr class="passedodd"><td>Test.GetByName_StatusCode_Test</td><td><a href="#m19"><b>Test_ClientByName_Success</b>  </a></td><td class="numi">1</td><td>1687173697226</td><td class="numi">23409</td></tr>
<tr class="passedeven"><td>Test.GET_StatusCode_Test</td><td><a href="#m20"><b>Test_Site</b>  </a></td><td class="numi">1</td><td>1687173576076</td><td class="numi">356</td></tr>
<tr class="passedodd"><td>Test.DELETE_Site_Test</td><td><a href="#m21"><b>Delete_Update_Assert_Test</b>  </a></td><td class="numi">1</td><td>1687173805269</td><td class="numi">383</td></tr>
<tr class="passedeven"><td rowspan="2">Test.GetById_StatusCode_Test</td><td><a href="#m22"><b>Test_WorkCentersByParentId</b>  </a></td><td class="numi">1</td><td>1687173688809</td><td class="numi">8416</td></tr><tr class="passedeven"><td><a href="#m23"><b>Test_ClientById</b>  </a></td><td class="numi">1</td><td>1687173576847</td><td class="numi">23704</td></tr>
<tr class="passedodd"><td>Test.POST_Country_Test</td><td><a href="#m24"><b>POST_Create_Success</b>  ("200 Success")</a></td><td class="numi">1</td><td>1687173793220</td><td class="numi">383</td></tr>
<tr class="passedeven"><td>Test.DELETE_Client_Test</td><td><a href="#m25"><b>Delete_Update_Success</b>  ("200 Success")</a></td><td class="numi">1</td><td>1687173803678</td><td class="numi">404</td></tr>
<tr class="passedodd"><td>Test.DELETE_Company_Test</td><td><a href="#m26"><b>Delete_Update_Success</b>  ("200 Success")</a></td><td class="numi">1</td><td>1687173805653</td><td class="numi">365</td></tr>
<tr class="passedeven"><td>Test.GetById_StatusCode_Test</td><td><a href="#m27"><b>Test_CountryByExternalID</b>  </a></td><td class="numi">1</td><td>1687173623727</td><td class="numi">4728</td></tr>
<tr class="passedodd"><td>Test.DELETE_Region_Test</td><td><a href="#m28"><b>Delete_Update_Assert_Test</b>  </a></td><td class="numi">1</td><td>1687173803269</td><td class="numi">408</td></tr>
<tr class="passedeven"><td>Test.GET_StatusCode_Test</td><td><a href="#m29"><b>Test_Region</b>  </a></td><td class="numi">1</td><td>1687173575713</td><td class="numi">362</td></tr>
<tr class="passedodd"><td>Test.DELETE_WorkCenter_Test</td><td><a href="#m30"><b>Delete_Update_Success</b>  ("200 Success")</a></td><td class="numi">1</td><td>1687173806494</td><td class="numi">503</td></tr>
<tr class="passedeven"><td>Test.PUT_Site_Test</td><td><a href="#m31"><b>PUT_Update_Assert_Test</b>  </a></td><td class="numi">1</td><td>1687173801008</td><td class="numi">627</td></tr>
<tr class="passedodd"><td>Test.POST_Client_Test</td><td><a href="#m32"><b>POST_Create_Not_Success</b>  ("400 Not Success (Empty Client Name)")</a></td><td class="numi">1</td><td>1687173792032</td><td class="numi">378</td></tr>
<tr class="passedeven"><td>Test.DELETE_Client_Test</td><td><a href="#m33"><b>Delete_Update_Assert_Test</b>  </a></td><td class="numi">1</td><td>1687173804083</td><td class="numi">491</td></tr>
<tr class="passedodd"><td>Test.GET_StatusCode_Test</td><td><a href="#m34"><b>Test_Country</b>  </a></td><td class="numi">1</td><td>1687173575313</td><td class="numi">400</td></tr>
<tr class="passedeven"><td>Test.POST_Region_Test</td><td><a href="#m35"><b>POST_Create_Not_Success</b>  ("400 Not Success (Empty Region Name)")</a></td><td class="numi">1</td><td>1687173794619</td><td class="numi">360</td></tr>
<tr class="passedodd"><td>Test.POST_WorkCenter_Test</td><td><a href="#m36"><b>POST_Create_Success</b>  ("200 Success")</a></td><td class="numi">1</td><td>1687173795812</td><td class="numi">426</td></tr>
<tr class="passedeven"><td>Test.POST_Site_Test</td><td><a href="#m37"><b>POST_Create_Success</b>  ("200 Success")</a></td><td class="numi">1</td><td>1687173794979</td><td class="numi">435</td></tr>
<tr class="passedodd"><td>Test.PUT_Client_Test</td><td><a href="#m38"><b>PUT_Update_Assert_Test</b>  </a></td><td class="numi">1</td><td>1687173797166</td><td class="numi">473</td></tr>
<tr class="passedeven"><td>Test.GetById_StatusCode_Test</td><td><a href="#m39"><b>Test_SiteById</b>  </a></td><td class="numi">1</td><td>1687173663563</td><td class="numi">8343</td></tr>
<tr class="passedodd"><td>Test.DELETE_WorkCenter_Test</td><td><a href="#m40"><b>Delete_Update_Assert_Test</b>  </a></td><td class="numi">1</td><td>1687173806997</td><td class="numi">406</td></tr>
<tr class="passedeven"><td>Test.GetById_StatusCode_Test</td><td><a href="#m41"><b>Test_CountryById</b>  </a></td><td class="numi">1</td><td>1687173628456</td><td class="numi">4675</td></tr>
<tr class="passedodd"><td>Test.POST_Company_Test</td><td><a href="#m42"><b>POST_Create_Not_Success</b>  ("400 Not Success (Empty Company Name)")</a></td><td class="numi">1</td><td>1687173792849</td><td class="numi">370</td></tr>
<tr class="passedeven"><td>Test.DELETE_Country_Test</td><td><a href="#m43"><b>Delete_Update_Assert_Test</b>  </a></td><td class="numi">1</td><td>1687173808002</td><td class="numi">482</td></tr>
<tr class="passedodd"><td>Test.GetById_StatusCode_Test</td><td><a href="#m44"><b>Test_WorkCenterById</b>  </a></td><td class="numi">1</td><td>1687173671907</td><td class="numi">8108</td></tr>
<tr class="passedeven"><td>Test.DELETE_Country_Test</td><td><a href="#m45"><b>Delete_Update_Success</b>  ("200 Success")</a></td><td class="numi">1</td><td>1687173807404</td><td class="numi">597</td></tr>
<tr class="passedodd"><td>Test.DELETE_Site_Test</td><td><a href="#m46"><b>Delete_Update_Success</b>  ("200 Success")</a></td><td class="numi">1</td><td>1687173804574</td><td class="numi">692</td></tr>
<tr class="passedeven"><td>Test.DELETE_Company_Test</td><td><a href="#m47"><b>Delete_Update_Assert_Test</b>  </a></td><td class="numi">1</td><td>1687173806018</td><td class="numi">475</td></tr>
<tr class="passedodd"><td>Test.PUT_Region_Test</td><td><a href="#m48"><b>PUT_Update_Success</b>  ("200 Success")</a></td><td class="numi">1</td><td>1687173799780</td><td class="numi">355</td></tr>
<tr class="passedeven"><td>Test.GET_StatusCode_Test</td><td><a href="#m49"><b>Test_Company</b>  </a></td><td class="numi">1</td><td>1687173574851</td><td class="numi">461</td></tr>
<tr class="passedodd"><td>Test.PUT_Country_Test</td><td><a href="#m50"><b>PUT_Update_Assert_Test</b>  </a></td><td class="numi">1</td><td>1687173799413</td><td class="numi">367</td></tr>
<tr class="passedeven"><td>Test.GetByName_StatusCode_Test</td><td><a href="#m51"><b>Test_CompanyByName_Success</b>  </a></td><td class="numi">1</td><td>1687173720636</td><td class="numi">30789</td></tr>
<tr class="passedodd"><td>Test.GET_StatusCode_Test</td><td><a href="#m52"><b>Test_WorkCenter</b>  </a></td><td class="numi">1</td><td>1687173576433</td><td class="numi">413</td></tr>
<tr class="passedeven"><td>Test.PUT_Site_Test</td><td><a href="#m53"><b>PUT_Update_Success</b>  ("200 Success")</a></td><td class="numi">1</td><td>1687173800615</td><td class="numi">392</td></tr>
<tr class="passedodd"><td>Test.PUT_Client_Test</td><td><a href="#m54"><b>PUT_Update_Success</b>  ("200 Success")</a></td><td class="numi">1</td><td>1687173796667</td><td class="numi">498</td></tr>
<tr class="passedeven"><td>Test.GetById_StatusCode_Test</td><td><a href="#m55"><b>Test_RegionById</b>  </a></td><td class="numi">1</td><td>1687173633132</td><td class="numi">30430</td></tr>
</table>
<h1>PamisAdminAPI_TEST</h1>
<h2 id="m1">Test.POST_Region_Test:POST_Create_Success</h2>
<div>
<div class="stacktrace">java.lang.AssertionError: 1 expectation failed.
Expected status code &lt;200&gt; but was &lt;500&gt;.

	at org.codehaus.groovy.runtime.callsite.ConstructorSite$ConstructorSiteNoUnwrap.callConstructor(ConstructorSite.java:84)
	at org.codehaus.groovy.runtime.callsite.AbstractCallSite.callConstructor(AbstractCallSite.java:277)
	at io.restassured.internal.ResponseSpecificationImpl$HamcrestAssertionClosure.validate(ResponseSpecificationImpl.groovy:493)
	at io.restassured.internal.ResponseSpecificationImpl$HamcrestAssertionClosure$validate$1.call(Unknown Source)
	at io.restassured.internal.ResponseSpecificationImpl.validateResponseIfRequired(ResponseSpecificationImpl.groovy:674)
	at org.codehaus.groovy.runtime.callsite.PlainObjectMetaMethodSite.doInvoke(PlainObjectMetaMethodSite.java:43)
	at org.codehaus.groovy.runtime.callsite.PogoMetaMethodSite$PogoCachedMethodSiteNoUnwrapNoCoerce.invoke(PogoMetaMethodSite.java:193)
	at org.codehaus.groovy.runtime.callsite.PogoMetaMethodSite.callCurrent(PogoMetaMethodSite.java:61)
	at org.codehaus.groovy.runtime.callsite.AbstractCallSite.callCurrent(AbstractCallSite.java:185)
	at io.restassured.internal.ResponseSpecificationImpl.statusCode(ResponseSpecificationImpl.groovy:126)
	at io.restassured.specification.ResponseSpecification$statusCode$0.callCurrent(Unknown Source)
	at io.restassured.internal.ResponseSpecificationImpl.statusCode(ResponseSpecificationImpl.groovy:134)
	at io.restassured.internal.ValidatableResponseOptionsImpl.statusCode(ValidatableResponseOptionsImpl.java:89)
	at io.restassured.internal.ValidatableResponseImpl.super$2$statusCode(ValidatableResponseImpl.groovy)
	at groovy.lang.MetaMethod.doMethodInvoke(MetaMethod.java:323)
	at groovy.lang.MetaClassImpl.invokeMethod(MetaClassImpl.java:1268)
	at org.codehaus.groovy.runtime.ScriptBytecodeAdapter.invokeMethodOnSuperN(ScriptBytecodeAdapter.java:144)
	at io.restassured.internal.ValidatableResponseImpl.statusCode(ValidatableResponseImpl.groovy:142)
	at io.restassured.internal.ValidatableResponseImpl.statusCode(ValidatableResponseImpl.groovy)
	at Test.POST_Region_Test.POST_Create_Success(POST_Region_Test.java:37)
	at java.util.ArrayList.forEach(ArrayList.java:1259)
	at com.intellij.rt.testng.IDEARemoteTestNG.run(IDEARemoteTestNG.java:66)
	at com.intellij.rt.testng.RemoteTestNGStarter.main(RemoteTestNGStarter.java:109)
... Removed 37 stack frames</div>
</div>
<p class="totop"><a href="#summary">back to summary</a></p>
<h2 id="m2">Test.PUT_WorkCenter_Test:PUT_Update_Success</h2>
<div>
<div class="stacktrace">java.lang.AssertionError: 1 expectation failed.
Expected status code &lt;204&gt; but was &lt;404&gt;.

	at org.codehaus.groovy.runtime.callsite.ConstructorSite$ConstructorSiteNoUnwrap.callConstructor(ConstructorSite.java:84)
	at org.codehaus.groovy.runtime.callsite.AbstractCallSite.callConstructor(AbstractCallSite.java:277)
	at io.restassured.internal.ResponseSpecificationImpl$HamcrestAssertionClosure.validate(ResponseSpecificationImpl.groovy:493)
	at io.restassured.internal.ResponseSpecificationImpl$HamcrestAssertionClosure$validate$1.call(Unknown Source)
	at io.restassured.internal.ResponseSpecificationImpl.validateResponseIfRequired(ResponseSpecificationImpl.groovy:674)
	at org.codehaus.groovy.runtime.callsite.PlainObjectMetaMethodSite.doInvoke(PlainObjectMetaMethodSite.java:43)
	at org.codehaus.groovy.runtime.callsite.PogoMetaMethodSite$PogoCachedMethodSiteNoUnwrapNoCoerce.invoke(PogoMetaMethodSite.java:193)
	at org.codehaus.groovy.runtime.callsite.PogoMetaMethodSite.callCurrent(PogoMetaMethodSite.java:61)
	at org.codehaus.groovy.runtime.callsite.AbstractCallSite.callCurrent(AbstractCallSite.java:185)
	at io.restassured.internal.ResponseSpecificationImpl.statusCode(ResponseSpecificationImpl.groovy:126)
	at io.restassured.specification.ResponseSpecification$statusCode$0.callCurrent(Unknown Source)
	at io.restassured.internal.ResponseSpecificationImpl.statusCode(ResponseSpecificationImpl.groovy:134)
	at io.restassured.internal.ValidatableResponseOptionsImpl.statusCode(ValidatableResponseOptionsImpl.java:89)
	at io.restassured.internal.ValidatableResponseImpl.super$2$statusCode(ValidatableResponseImpl.groovy)
	at groovy.lang.MetaMethod.doMethodInvoke(MetaMethod.java:323)
	at groovy.lang.MetaClassImpl.invokeMethod(MetaClassImpl.java:1268)
	at org.codehaus.groovy.runtime.ScriptBytecodeAdapter.invokeMethodOnSuperN(ScriptBytecodeAdapter.java:144)
	at io.restassured.internal.ValidatableResponseImpl.statusCode(ValidatableResponseImpl.groovy:142)
	at io.restassured.internal.ValidatableResponseImpl.statusCode(ValidatableResponseImpl.groovy)
	at Test.PUT_WorkCenter_Test.PUT_Update_Success(PUT_WorkCenter_Test.java:46)
	at java.util.ArrayList.forEach(ArrayList.java:1259)
	at com.intellij.rt.testng.IDEARemoteTestNG.run(IDEARemoteTestNG.java:66)
	at com.intellij.rt.testng.RemoteTestNGStarter.main(RemoteTestNGStarter.java:109)
... Removed 37 stack frames</div>
</div>
<p class="totop"><a href="#summary">back to summary</a></p>
<h2 id="m3">Test.PUT_WorkCenter_Test:PUT_Update_Assert_Test</h2>
<div>
<div class="stacktrace">java.lang.AssertionError: 1 expectation failed.
Expected content-type &quot;JSON&quot; doesn&apos;t match actual content-type &quot;&quot;.

	at org.codehaus.groovy.runtime.callsite.ConstructorSite$ConstructorSiteNoUnwrap.callConstructor(ConstructorSite.java:84)
	at org.codehaus.groovy.runtime.callsite.AbstractCallSite.callConstructor(AbstractCallSite.java:277)
	at io.restassured.internal.ResponseSpecificationImpl$HamcrestAssertionClosure.validate(ResponseSpecificationImpl.groovy:493)
	at io.restassured.internal.ResponseSpecificationImpl$HamcrestAssertionClosure$validate$1.call(Unknown Source)
	at io.restassured.internal.ResponseSpecificationImpl.validateResponseIfRequired(ResponseSpecificationImpl.groovy:674)
	at org.codehaus.groovy.runtime.callsite.PlainObjectMetaMethodSite.doInvoke(PlainObjectMetaMethodSite.java:43)
	at org.codehaus.groovy.runtime.callsite.PogoMetaMethodSite$PogoCachedMethodSiteNoUnwrapNoCoerce.invoke(PogoMetaMethodSite.java:193)
	at org.codehaus.groovy.runtime.callsite.PogoMetaMethodSite.callCurrent(PogoMetaMethodSite.java:61)
	at org.codehaus.groovy.runtime.callsite.AbstractCallSite.callCurrent(AbstractCallSite.java:185)
	at io.restassured.internal.ResponseSpecificationImpl.contentType(ResponseSpecificationImpl.groovy:421)
	at io.restassured.internal.ValidatableResponseOptionsImpl.contentType(ValidatableResponseOptionsImpl.java:220)
	at io.restassured.internal.ValidatableResponseImpl.super$2$contentType(ValidatableResponseImpl.groovy)
	at groovy.lang.MetaMethod.doMethodInvoke(MetaMethod.java:323)
	at groovy.lang.MetaClassImpl.invokeMethod(MetaClassImpl.java:1268)
	at org.codehaus.groovy.runtime.ScriptBytecodeAdapter.invokeMethodOnSuperN(ScriptBytecodeAdapter.java:144)
	at io.restassured.internal.ValidatableResponseImpl.contentType(ValidatableResponseImpl.groovy:278)
	at io.restassured.internal.ValidatableResponseImpl.contentType(ValidatableResponseImpl.groovy)
	at Test.PUT_WorkCenter_Test.PUT_Update_Assert_Test(PUT_WorkCenter_Test.java:56)
	at java.util.ArrayList.forEach(ArrayList.java:1259)
	at com.intellij.rt.testng.IDEARemoteTestNG.run(IDEARemoteTestNG.java:66)
	at com.intellij.rt.testng.RemoteTestNGStarter.main(RemoteTestNGStarter.java:109)
... Removed 37 stack frames</div>
</div>
<p class="totop"><a href="#summary">back to summary</a></p>
<h2 id="m4">Test.POST_Client_Test:POST_Create_Success</h2>
<div>
<div class="stacktrace">java.lang.AssertionError: 1 expectation failed.
Expected status code &lt;200&gt; but was &lt;500&gt;.

	at org.codehaus.groovy.runtime.callsite.ConstructorSite$ConstructorSiteNoUnwrap.callConstructor(ConstructorSite.java:84)
	at org.codehaus.groovy.runtime.callsite.CallSiteArray.defaultCallConstructor(CallSiteArray.java:59)
	at org.codehaus.groovy.runtime.callsite.AbstractCallSite.callConstructor(AbstractCallSite.java:263)
	at org.codehaus.groovy.runtime.callsite.AbstractCallSite.callConstructor(AbstractCallSite.java:277)
	at io.restassured.internal.ResponseSpecificationImpl$HamcrestAssertionClosure.validate(ResponseSpecificationImpl.groovy:493)
	at io.restassured.internal.ResponseSpecificationImpl$HamcrestAssertionClosure$validate$1.call(Unknown Source)
	at io.restassured.internal.ResponseSpecificationImpl.validateResponseIfRequired(ResponseSpecificationImpl.groovy:674)
	at org.codehaus.groovy.runtime.callsite.PlainObjectMetaMethodSite.doInvoke(PlainObjectMetaMethodSite.java:43)
	at org.codehaus.groovy.runtime.callsite.PogoMetaMethodSite$PogoCachedMethodSiteNoUnwrapNoCoerce.invoke(PogoMetaMethodSite.java:193)
	at org.codehaus.groovy.runtime.callsite.PogoMetaMethodSite.callCurrent(PogoMetaMethodSite.java:61)
	at org.codehaus.groovy.runtime.callsite.AbstractCallSite.callCurrent(AbstractCallSite.java:185)
	at io.restassured.internal.ResponseSpecificationImpl.statusCode(ResponseSpecificationImpl.groovy:126)
	at io.restassured.specification.ResponseSpecification$statusCode$0.callCurrent(Unknown Source)
	at io.restassured.internal.ResponseSpecificationImpl.statusCode(ResponseSpecificationImpl.groovy:134)
	at io.restassured.internal.ValidatableResponseOptionsImpl.statusCode(ValidatableResponseOptionsImpl.java:89)
	at io.restassured.internal.ValidatableResponseImpl.super$2$statusCode(ValidatableResponseImpl.groovy)
	at groovy.lang.MetaMethod.doMethodInvoke(MetaMethod.java:323)
	at groovy.lang.MetaClassImpl.invokeMethod(MetaClassImpl.java:1268)
	at org.codehaus.groovy.runtime.ScriptBytecodeAdapter.invokeMethodOnSuperN(ScriptBytecodeAdapter.java:144)
	at io.restassured.internal.ValidatableResponseImpl.statusCode(ValidatableResponseImpl.groovy:142)
	at io.restassured.internal.ValidatableResponseImpl.statusCode(ValidatableResponseImpl.groovy)
	at Test.POST_Client_Test.POST_Create_Success(POST_Client_Test.java:36)
	at java.util.ArrayList.forEach(ArrayList.java:1259)
	at com.intellij.rt.testng.IDEARemoteTestNG.run(IDEARemoteTestNG.java:66)
	at com.intellij.rt.testng.RemoteTestNGStarter.main(RemoteTestNGStarter.java:109)
... Removed 37 stack frames</div>
</div>
<p class="totop"><a href="#summary">back to summary</a></p>
<h2 id="m5">Test.POST_Company_Test:POST_Create_Success</h2>
<div>
<div class="stacktrace">java.lang.AssertionError: 1 expectation failed.
Expected status code &lt;200&gt; but was &lt;500&gt;.

	at org.codehaus.groovy.runtime.callsite.ConstructorSite$ConstructorSiteNoUnwrap.callConstructor(ConstructorSite.java:84)
	at org.codehaus.groovy.runtime.callsite.AbstractCallSite.callConstructor(AbstractCallSite.java:277)
	at io.restassured.internal.ResponseSpecificationImpl$HamcrestAssertionClosure.validate(ResponseSpecificationImpl.groovy:493)
	at io.restassured.internal.ResponseSpecificationImpl$HamcrestAssertionClosure$validate$1.call(Unknown Source)
	at io.restassured.internal.ResponseSpecificationImpl.validateResponseIfRequired(ResponseSpecificationImpl.groovy:674)
	at org.codehaus.groovy.runtime.callsite.PlainObjectMetaMethodSite.doInvoke(PlainObjectMetaMethodSite.java:43)
	at org.codehaus.groovy.runtime.callsite.PogoMetaMethodSite$PogoCachedMethodSiteNoUnwrapNoCoerce.invoke(PogoMetaMethodSite.java:193)
	at org.codehaus.groovy.runtime.callsite.PogoMetaMethodSite.callCurrent(PogoMetaMethodSite.java:61)
	at org.codehaus.groovy.runtime.callsite.AbstractCallSite.callCurrent(AbstractCallSite.java:185)
	at io.restassured.internal.ResponseSpecificationImpl.statusCode(ResponseSpecificationImpl.groovy:126)
	at io.restassured.specification.ResponseSpecification$statusCode$0.callCurrent(Unknown Source)
	at io.restassured.internal.ResponseSpecificationImpl.statusCode(ResponseSpecificationImpl.groovy:134)
	at io.restassured.internal.ValidatableResponseOptionsImpl.statusCode(ValidatableResponseOptionsImpl.java:89)
	at io.restassured.internal.ValidatableResponseImpl.super$2$statusCode(ValidatableResponseImpl.groovy)
	at groovy.lang.MetaMethod.doMethodInvoke(MetaMethod.java:323)
	at groovy.lang.MetaClassImpl.invokeMethod(MetaClassImpl.java:1268)
	at org.codehaus.groovy.runtime.ScriptBytecodeAdapter.invokeMethodOnSuperN(ScriptBytecodeAdapter.java:144)
	at io.restassured.internal.ValidatableResponseImpl.statusCode(ValidatableResponseImpl.groovy:142)
	at io.restassured.internal.ValidatableResponseImpl.statusCode(ValidatableResponseImpl.groovy)
	at Test.POST_Company_Test.POST_Create_Success(POST_Company_Test.java:39)
	at java.util.ArrayList.forEach(ArrayList.java:1259)
	at com.intellij.rt.testng.IDEARemoteTestNG.run(IDEARemoteTestNG.java:66)
	at com.intellij.rt.testng.RemoteTestNGStarter.main(RemoteTestNGStarter.java:109)
... Removed 37 stack frames</div>
</div>
<p class="totop"><a href="#summary">back to summary</a></p>
<h2 id="m6">Test.POST_Country_Test:POST_Create_Not_Success</h2>
<p class="totop"><a href="#summary">back to summary</a></p>
<h2 id="m7">Test.POST_WorkCenter_Test:POST_Create_Not_Success</h2>
<p class="totop"><a href="#summary">back to summary</a></p>
<h2 id="m8">Test.PUT_Country_Test:PUT_Update_Success</h2>
<p class="totop"><a href="#summary">back to summary</a></p>
<h2 id="m9">Test.GET_StatusCode_Test:Test_Client</h2>
<p class="totop"><a href="#summary">back to summary</a></p>
<h2 id="m10">Test.DELETE_Region_Test:Delete_Update_Success</h2>
<p class="totop"><a href="#summary">back to summary</a></p>
<h2 id="m11">Test.PUT_Company_Test:PUT_Update_Assert_Test</h2>
<p class="totop"><a href="#summary">back to summary</a></p>
<h2 id="m12">Test.GetById_StatusCode_Test:Test_WorkCenterByLocationType</h2>
<p class="totop"><a href="#summary">back to summary</a></p>
<h2 id="m13">Test.POST_Site_Test:POST_Create_Not_Success</h2>
<p class="totop"><a href="#summary">back to summary</a></p>
<h2 id="m14">Test.GetByName_StatusCode_Test:Test_RegionsByName_Success</h2>
<p class="totop"><a href="#summary">back to summary</a></p>
<h2 id="m15">Test.GetByName_StatusCode_Test:Test_SitesByName_Success</h2>
<p class="totop"><a href="#summary">back to summary</a></p>
<h2 id="m16">Test.GetById_StatusCode_Test:Test_CompanyById</h2>
<p class="totop"><a href="#summary">back to summary</a></p>
<h2 id="m17">Test.PUT_Company_Test:PUT_Update_Success</h2>
<p class="totop"><a href="#summary">back to summary</a></p>
<h2 id="m18">Test.PUT_Region_Test:PUT_Update_Assert_Test</h2>
<p class="totop"><a href="#summary">back to summary</a></p>
<h2 id="m19">Test.GetByName_StatusCode_Test:Test_ClientByName_Success</h2>
<p class="totop"><a href="#summary">back to summary</a></p>
<h2 id="m20">Test.GET_StatusCode_Test:Test_Site</h2>
<p class="totop"><a href="#summary">back to summary</a></p>
<h2 id="m21">Test.DELETE_Site_Test:Delete_Update_Assert_Test</h2>
<p class="totop"><a href="#summary">back to summary</a></p>
<h2 id="m22">Test.GetById_StatusCode_Test:Test_WorkCentersByParentId</h2>
<p class="totop"><a href="#summary">back to summary</a></p>
<h2 id="m23">Test.GetById_StatusCode_Test:Test_ClientById</h2>
<p class="totop"><a href="#summary">back to summary</a></p>
<h2 id="m24">Test.POST_Country_Test:POST_Create_Success</h2>
<p class="totop"><a href="#summary">back to summary</a></p>
<h2 id="m25">Test.DELETE_Client_Test:Delete_Update_Success</h2>
<p class="totop"><a href="#summary">back to summary</a></p>
<h2 id="m26">Test.DELETE_Company_Test:Delete_Update_Success</h2>
<p class="totop"><a href="#summary">back to summary</a></p>
<h2 id="m27">Test.GetById_StatusCode_Test:Test_CountryByExternalID</h2>
<p class="totop"><a href="#summary">back to summary</a></p>
<h2 id="m28">Test.DELETE_Region_Test:Delete_Update_Assert_Test</h2>
<p class="totop"><a href="#summary">back to summary</a></p>
<h2 id="m29">Test.GET_StatusCode_Test:Test_Region</h2>
<p class="totop"><a href="#summary">back to summary</a></p>
<h2 id="m30">Test.DELETE_WorkCenter_Test:Delete_Update_Success</h2>
<p class="totop"><a href="#summary">back to summary</a></p>
<h2 id="m31">Test.PUT_Site_Test:PUT_Update_Assert_Test</h2>
<p class="totop"><a href="#summary">back to summary</a></p>
<h2 id="m32">Test.POST_Client_Test:POST_Create_Not_Success</h2>
<p class="totop"><a href="#summary">back to summary</a></p>
<h2 id="m33">Test.DELETE_Client_Test:Delete_Update_Assert_Test</h2>
<p class="totop"><a href="#summary">back to summary</a></p>
<h2 id="m34">Test.GET_StatusCode_Test:Test_Country</h2>
<p class="totop"><a href="#summary">back to summary</a></p>
<h2 id="m35">Test.POST_Region_Test:POST_Create_Not_Success</h2>
<p class="totop"><a href="#summary">back to summary</a></p>
<h2 id="m36">Test.POST_WorkCenter_Test:POST_Create_Success</h2>
<p class="totop"><a href="#summary">back to summary</a></p>
<h2 id="m37">Test.POST_Site_Test:POST_Create_Success</h2>
<p class="totop"><a href="#summary">back to summary</a></p>
<h2 id="m38">Test.PUT_Client_Test:PUT_Update_Assert_Test</h2>
<p class="totop"><a href="#summary">back to summary</a></p>
<h2 id="m39">Test.GetById_StatusCode_Test:Test_SiteById</h2>
<p class="totop"><a href="#summary">back to summary</a></p>
<h2 id="m40">Test.DELETE_WorkCenter_Test:Delete_Update_Assert_Test</h2>
<p class="totop"><a href="#summary">back to summary</a></p>
<h2 id="m41">Test.GetById_StatusCode_Test:Test_CountryById</h2>
<p class="totop"><a href="#summary">back to summary</a></p>
<h2 id="m42">Test.POST_Company_Test:POST_Create_Not_Success</h2>
<p class="totop"><a href="#summary">back to summary</a></p>
<h2 id="m43">Test.DELETE_Country_Test:Delete_Update_Assert_Test</h2>
<p class="totop"><a href="#summary">back to summary</a></p>
<h2 id="m44">Test.GetById_StatusCode_Test:Test_WorkCenterById</h2>
<p class="totop"><a href="#summary">back to summary</a></p>
<h2 id="m45">Test.DELETE_Country_Test:Delete_Update_Success</h2>
<p class="totop"><a href="#summary">back to summary</a></p>
<h2 id="m46">Test.DELETE_Site_Test:Delete_Update_Success</h2>
<p class="totop"><a href="#summary">back to summary</a></p>
<h2 id="m47">Test.DELETE_Company_Test:Delete_Update_Assert_Test</h2>
<p class="totop"><a href="#summary">back to summary</a></p>
<h2 id="m48">Test.PUT_Region_Test:PUT_Update_Success</h2>
<p class="totop"><a href="#summary">back to summary</a></p>
<h2 id="m49">Test.GET_StatusCode_Test:Test_Company</h2>
<p class="totop"><a href="#summary">back to summary</a></p>
<h2 id="m50">Test.PUT_Country_Test:PUT_Update_Assert_Test</h2>
<p class="totop"><a href="#summary">back to summary</a></p>
<h2 id="m51">Test.GetByName_StatusCode_Test:Test_CompanyByName_Success</h2>
<p class="totop"><a href="#summary">back to summary</a></p>
<h2 id="m52">Test.GET_StatusCode_Test:Test_WorkCenter</h2>
<p class="totop"><a href="#summary">back to summary</a></p>
<h2 id="m53">Test.PUT_Site_Test:PUT_Update_Success</h2>
<p class="totop"><a href="#summary">back to summary</a></p>
<h2 id="m54">Test.PUT_Client_Test:PUT_Update_Success</h2>
<p class="totop"><a href="#summary">back to summary</a></p>
<h2 id="m55">Test.GetById_StatusCode_Test:Test_RegionById</h2>
<p class="totop"><a href="#summary">back to summary</a></p>
</body></html>
